#
# There is insufficient memory for the Java Runtime Environment to continue.
# Native memory allocation (malloc) failed to allocate 917456 bytes for Chunk::new
# Possible reasons:
#   The system is out of physical RAM or swap space
#   In 32 bit mode, the process size limit was hit
# Possible solutions:
#   Reduce memory load on the system
#   Increase physical memory or swap space
#   Check if swap backing store is full
#   Use 64 bit Java on a 64 bit OS
#   Decrease Java heap size (-Xmx/-Xms)
#   Decrease number of Java threads
#   Decrease Java thread stack sizes (-Xss)
#   Set larger code cache with -XX:ReservedCodeCacheSize=
# This output file may be truncated or incomplete.
#
#  Out of Memory Error (allocation.cpp:390), pid=56948, tid=25328
#
# JRE version: Java(TM) SE Runtime Environment (8.0_60-b27) (build 1.8.0_60-b27)
# Java VM: Java HotSpot(TM) 64-Bit Server VM (25.60-b23 mixed mode windows-amd64 compressed oops)
# Failed to write core dump. Minidumps are not enabled by default on client versions of Windows
#

---------------  T H R E A D  ---------------

Current thread (0x0000000019ff8800):  JavaThread "C2 CompilerThread0" daemon [_thread_in_native, id=25328, stack(0x000000001a5d0000,0x000000001a6d0000)]

Stack: [0x000000001a5d0000,0x000000001a6d0000]
[error occurred during error reporting (printing stack bounds), id 0xc0000005]

Native frames: (J=compiled Java code, j=interpreted, Vv=VM code, C=native code)


Current CompileTask:
C2:   1852 2079   !   4       java.net.URL::<init> (543 bytes)


---------------  P R O C E S S  ---------------

Java Threads: ( => current thread )
  0x000000001be8b000 JavaThread "pool-1-thread-1" [_thread_blocked, id=32520, stack(0x000000001cca0000,0x000000001cda0000)]
  0x000000001bebe000 JavaThread "Abandoned connection cleanup thread" daemon [_thread_blocked, id=25904, stack(0x000000001c9a0000,0x000000001caa0000)]
  0x000000001a08b800 JavaThread "Service Thread" daemon [_thread_blocked, id=31272, stack(0x000000001a9d0000,0x000000001aad0000)]
  0x000000001a00b800 JavaThread "C1 CompilerThread3" daemon [_thread_blocked, id=11808, stack(0x000000001a8d0000,0x000000001a9d0000)]
  0x000000001a003000 JavaThread "C2 CompilerThread2" daemon [_thread_in_native, id=16748, stack(0x000000001a7d0000,0x000000001a8d0000)]
  0x0000000019ffb000 JavaThread "C2 CompilerThread1" daemon [_thread_blocked, id=13152, stack(0x000000001a6d0000,0x000000001a7d0000)]
=>0x0000000019ff8800 JavaThread "C2 CompilerThread0" daemon [_thread_in_native, id=25328, stack(0x000000001a5d0000,0x000000001a6d0000)]
  0x0000000019ff7000 JavaThread "Attach Listener" daemon [_thread_blocked, id=53908, stack(0x000000001a4d0000,0x000000001a5d0000)]
  0x0000000019ff6000 JavaThread "Signal Dispatcher" daemon [_thread_blocked, id=18444, stack(0x000000001a3d0000,0x000000001a4d0000)]
  0x0000000002f5b000 JavaThread "Finalizer" daemon [_thread_blocked, id=23204, stack(0x0000000019de0000,0x0000000019ee0000)]
  0x0000000002f54000 JavaThread "Reference Handler" daemon [_thread_blocked, id=11012, stack(0x0000000019ce0000,0x0000000019de0000)]
  0x0000000002c8d800 JavaThread "main" [_thread_in_Java, id=54304, stack(0x0000000002d60000,0x0000000002e60000)]

Other Threads:
  0x0000000017f09800 VMThread [stack: 0x0000000019be0000,0x0000000019ce0000] [id=47004]
  0x000000001a0b4800 WatcherThread [stack: 0x000000001aad0000,0x000000001abd0000] [id=11932]

VM state:not at safepoint (normal execution)

VM Mutex/Monitor currently owned by a thread: None

Heap:
 PSYoungGen      total 38400K, used 9879K [0x00000000d5d00000, 0x00000000d8780000, 0x0000000100000000)
  eden space 33280K, 29% used [0x00000000d5d00000,0x00000000d66a5c18,0x00000000d7d80000)
  from space 5120K, 0% used [0x00000000d8280000,0x00000000d8280000,0x00000000d8780000)
  to   space 5120K, 0% used [0x00000000d7d80000,0x00000000d7d80000,0x00000000d8280000)
 ParOldGen       total 64000K, used 8352K [0x0000000081600000, 0x0000000085480000, 0x00000000d5d00000)
  object space 64000K, 13% used [0x0000000081600000,0x0000000081e28180,0x0000000085480000)
 Metaspace       used 22922K, capacity 23216K, committed 23424K, reserved 1069056K
  class space    used 3214K, capacity 3332K, committed 3456K, reserved 1048576K

Card table byte_map: [0x0000000012320000,0x0000000012720000] byte_map_base: 0x0000000011f15000

Marking Bits: (ParMarkBitMap*) 0x000000005761a5b0
 Begin Bits: [0x00000000131d0000, 0x0000000015178000)
 End Bits:   [0x0000000015178000, 0x0000000017120000)

Polling page: 0x0000000001640000

CodeCache: size=245760Kb used=7574Kb max_used=7591Kb free=238185Kb
 bounds [0x0000000002f60000, 0x00000000036e0000, 0x0000000011f60000]
 total_blobs=2553 nmethods=2135 adapters=330
 compilation: enabled

Compilation events (10 events):
Event: 1.672 Thread 0x000000001a00b800 nmethod 2115 0x00000000036bb0d0 code [0x00000000036bb220, 0x00000000036bb350]
Event: 1.672 Thread 0x000000001a00b800 2108  s    3       sun.nio.fs.WindowsDirectoryStream$WindowsDirectoryIterator::hasNext (35 bytes)
Event: 1.672 Thread 0x000000001a00b800 nmethod 2108 0x00000000036bb410 code [0x00000000036bb580, 0x00000000036bb968]
Event: 1.672 Thread 0x000000001a00b800 2112       3       sun.security.provider.ByteArrayAccess::b2iBig64 (614 bytes)
Event: 1.673 Thread 0x000000001a00b800 nmethod 2112 0x00000000036bba50 code [0x00000000036bbc60, 0x00000000036bca28]
Event: 1.673 Thread 0x000000001a00b800 2125       3       java.io.WinNTFileSystem::normalize (143 bytes)
Event: 1.673 Thread 0x0000000019ffb000 nmethod 2114 0x00000000036c0190 code [0x00000000036c02e0, 0x00000000036c0838]
Event: 1.673 Thread 0x000000001a003000 2126       4       java.net.URLStreamHandler::setURL (40 bytes)
Event: 1.673 Thread 0x000000001a00b800 nmethod 2125 0x00000000036bf350 code [0x00000000036bf540, 0x00000000036bfda8]
Event: 1.674 Thread 0x000000001a003000 nmethod 2126 0x00000000036bd850 code [0x00000000036bd9a0, 0x00000000036bdcb8]

GC Heap History (7 events):
Event: 0.246 GC heap before
{Heap before GC invocations=1 (full 0):
 PSYoungGen      total 38400K, used 33280K [0x00000000d5d00000, 0x00000000d8780000, 0x0000000100000000)
  eden space 33280K, 100% used [0x00000000d5d00000,0x00000000d7d80000,0x00000000d7d80000)
  from space 5120K, 0% used [0x00000000d8280000,0x00000000d8280000,0x00000000d8780000)
  to   space 5120K, 0% used [0x00000000d7d80000,0x00000000d7d80000,0x00000000d8280000)
 ParOldGen       total 87552K, used 0K [0x0000000081600000, 0x0000000086b80000, 0x00000000d5d00000)
  object space 87552K, 0% used [0x0000000081600000,0x0000000081600000,0x0000000086b80000)
 Metaspace       used 4389K, capacity 5250K, committed 5376K, reserved 1056768K
  class space    used 461K, capacity 497K, committed 512K, reserved 1048576K
Event: 0.247 GC heap after
Heap after GC invocations=1 (full 0):
 PSYoungGen      total 38400K, used 1325K [0x00000000d5d00000, 0x00000000d8780000, 0x0000000100000000)
  eden space 33280K, 0% used [0x00000000d5d00000,0x00000000d5d00000,0x00000000d7d80000)
  from space 5120K, 25% used [0x00000000d7d80000,0x00000000d7ecb760,0x00000000d8280000)
  to   space 5120K, 0% used [0x00000000d8280000,0x00000000d8280000,0x00000000d8780000)
 ParOldGen       total 87552K, used 8K [0x0000000081600000, 0x0000000086b80000, 0x00000000d5d00000)
  object space 87552K, 0% used [0x0000000081600000,0x0000000081602000,0x0000000086b80000)
 Metaspace       used 4389K, capacity 5250K, committed 5376K, reserved 1056768K
  class space    used 461K, capacity 497K, committed 512K, reserved 1048576K
}
Event: 1.002 GC heap before
{Heap before GC invocations=2 (full 0):
 PSYoungGen      total 38400K, used 34605K [0x00000000d5d00000, 0x00000000d8780000, 0x0000000100000000)
  eden space 33280K, 100% used [0x00000000d5d00000,0x00000000d7d80000,0x00000000d7d80000)
  from space 5120K, 25% used [0x00000000d7d80000,0x00000000d7ecb760,0x00000000d8280000)
  to   space 5120K, 0% used [0x00000000d8280000,0x00000000d8280000,0x00000000d8780000)
 ParOldGen       total 87552K, used 8K [0x0000000081600000, 0x0000000086b80000, 0x00000000d5d00000)
  object space 87552K, 0% used [0x0000000081600000,0x0000000081602000,0x0000000086b80000)
 Metaspace       used 13494K, capacity 13738K, committed 13824K, reserved 1060864K
  class space    used 1699K, capacity 1781K, committed 1792K, reserved 1048576K
Event: 1.007 GC heap after
Heap after GC invocations=2 (full 0):
 PSYoungGen      total 38400K, used 5118K [0x00000000d5d00000, 0x00000000d8780000, 0x0000000100000000)
  eden space 33280K, 0% used [0x00000000d5d00000,0x00000000d5d00000,0x00000000d7d80000)
  from space 5120K, 99% used [0x00000000d8280000,0x00000000d877fab0,0x00000000d8780000)
  to   space 5120K, 0% used [0x00000000d7d80000,0x00000000d7d80000,0x00000000d8280000)
 ParOldGen       total 87552K, used 1519K [0x0000000081600000, 0x0000000086b80000, 0x00000000d5d00000)
  object space 87552K, 1% used [0x0000000081600000,0x000000008177bd40,0x0000000086b80000)
 Metaspace       used 13494K, capacity 13738K, committed 13824K, reserved 1060864K
  class space    used 1699K, capacity 1781K, committed 1792K, reserved 1048576K
}
Event: 1.549 GC heap before
{Heap before GC invocations=3 (full 0):
 PSYoungGen      total 38400K, used 38398K [0x00000000d5d00000, 0x00000000d8780000, 0x0000000100000000)
  eden space 33280K, 100% used [0x00000000d5d00000,0x00000000d7d80000,0x00000000d7d80000)
  from space 5120K, 99% used [0x00000000d8280000,0x00000000d877fab0,0x00000000d8780000)
  to   space 5120K, 0% used [0x00000000d7d80000,0x00000000d7d80000,0x00000000d8280000)
 ParOldGen       total 87552K, used 1519K [0x0000000081600000, 0x0000000086b80000, 0x00000000d5d00000)
  object space 87552K, 1% used [0x0000000081600000,0x000000008177bd40,0x0000000086b80000)
 Metaspace       used 19247K, capacity 19618K, committed 19840K, reserved 1067008K
  class space    used 2699K, capacity 2817K, committed 2944K, reserved 1048576K
Event: 1.556 GC heap after
Heap after GC invocations=3 (full 0):
 PSYoungGen      total 38400K, used 5092K [0x00000000d5d00000, 0x00000000d8780000, 0x0000000100000000)
  eden space 33280K, 0% used [0x00000000d5d00000,0x00000000d5d00000,0x00000000d7d80000)
  from space 5120K, 99% used [0x00000000d7d80000,0x00000000d8279228,0x00000000d8280000)
  to   space 5120K, 0% used [0x00000000d8280000,0x00000000d8280000,0x00000000d8780000)
 ParOldGen       total 87552K, used 5272K [0x0000000081600000, 0x0000000086b80000, 0x00000000d5d00000)
  object space 87552K, 6% used [0x0000000081600000,0x0000000081b26138,0x0000000086b80000)
 Metaspace       used 19247K, capacity 19618K, committed 19840K, reserved 1067008K
  class space    used 2699K, capacity 2817K, committed 2944K, reserved 1048576K
}
Event: 1.675 GC heap before
{Heap before GC invocations=4 (full 0):
 PSYoungGen      total 38400K, used 13115K [0x00000000d5d00000, 0x00000000d8780000, 0x0000000100000000)
  eden space 33280K, 24% used [0x00000000d5d00000,0x00000000d64d5c88,0x00000000d7d80000)
  from space 5120K, 99% used [0x00000000d7d80000,0x00000000d8279228,0x00000000d8280000)
  to   space 5120K, 0% used [0x00000000d8280000,0x00000000d8280000,0x00000000d8780000)
 ParOldGen       total 87552K, used 5272K [0x0000000081600000, 0x0000000086b80000, 0x00000000d5d00000)
  object space 87552K, 6% used [0x0000000081600000,0x0000000081b26138,0x0000000086b80000)
 Metaspace       used 20909K, capacity 21194K, committed 21248K, reserved 1067008K
  class space    used 2935K, capacity 3043K, committed 3072K, reserved 1048576K

Deoptimization events (10 events):
Event: 1.496 Thread 0x0000000002c8d800 Uncommon trap: reason=unstable_if action=reinterpret pc=0x0000000003646cf0 method=java.util.Properties$LineReader.readLine()I @ 174
Event: 1.496 Thread 0x0000000002c8d800 Uncommon trap: reason=predicate action=maybe_recompile pc=0x0000000003262004 method=sun.net.www.ParseUtil.encodePath(Ljava/lang/String;Z)Ljava/lang/String; @ 36
Event: 1.513 Thread 0x0000000002c8d800 Uncommon trap: reason=bimorphic action=maybe_recompile pc=0x0000000003529988 method=java.io.FilterInputStream.read([BII)I @ 7
Event: 1.525 Thread 0x0000000002c8d800 Uncommon trap: reason=bimorphic action=maybe_recompile pc=0x0000000003529988 method=java.io.FilterInputStream.read([BII)I @ 7
Event: 1.557 Thread 0x0000000002c8d800 Uncommon trap: reason=bimorphic action=maybe_recompile pc=0x0000000003529988 method=java.io.FilterInputStream.read([BII)I @ 7
Event: 1.557 Thread 0x0000000002c8d800 Uncommon trap: reason=bimorphic action=maybe_recompile pc=0x0000000003529988 method=java.io.FilterInputStream.read([BII)I @ 7
Event: 1.593 Thread 0x0000000002c8d800 Uncommon trap: reason=bimorphic action=maybe_recompile pc=0x00000000033214a8 method=java.util.HashMap.putVal(ILjava/lang/Object;Ljava/lang/Object;ZZ)Ljava/lang/Object; @ 203
Event: 1.661 Thread 0x0000000002c8d800 Uncommon trap: reason=unstable_if action=reinterpret pc=0x0000000003405acc method=java.io.WinNTFileSystem.normalize(Ljava/lang/String;)Ljava/lang/String; @ 128
Event: 1.663 Thread 0x0000000002c8d800 Uncommon trap: reason=class_check action=maybe_recompile pc=0x0000000003439034 method=java.util.LinkedHashMap.afterNodeInsertion(Z)V @ 15
Event: 1.664 Thread 0x0000000002c8d800 Uncommon trap: reason=unstable_if action=reinterpret pc=0x0000000003692a00 method=java.lang.ThreadLocal$ThreadLocalMap.getEntry(Ljava/lang/ThreadLocal;)Ljava/lang/ThreadLocal$ThreadLocalMap$Entry; @ 29

Internal exceptions (10 events):
Event: 0.574 Thread 0x0000000002c8d800 Exception <a 'java/lang/ArrayIndexOutOfBoundsException'> (0x00000000d65e2aa0) thrown at [C:\re\workspace\8-2-build-windows-amd64-cygwin\jdk8u60\4407\hotspot\src\share\vm\runtime\sharedRuntime.cpp, line 605]
Event: 0.574 Thread 0x0000000002c8d800 Exception <a 'java/lang/ArrayIndexOutOfBoundsException'> (0x00000000d65e41b0) thrown at [C:\re\workspace\8-2-build-windows-amd64-cygwin\jdk8u60\4407\hotspot\src\share\vm\runtime\sharedRuntime.cpp, line 605]
Event: 0.579 Thread 0x0000000002c8d800 Exception <a 'java/lang/ArrayIndexOutOfBoundsException': 79> (0x00000000d6634aa0) thrown at [C:\re\workspace\8-2-build-windows-amd64-cygwin\jdk8u60\4407\hotspot\src\share\vm\interpreter\interpreterRuntime.cpp, line 366]
Event: 0.579 Thread 0x0000000002c8d800 Exception <a 'java/lang/ArrayIndexOutOfBoundsException': 83> (0x00000000d6635e98) thrown at [C:\re\workspace\8-2-build-windows-amd64-cygwin\jdk8u60\4407\hotspot\src\share\vm\interpreter\interpreterRuntime.cpp, line 366]
Event: 0.579 Thread 0x0000000002c8d800 Exception <a 'java/lang/ArrayIndexOutOfBoundsException': 78> (0x00000000d6637028) thrown at [C:\re\workspace\8-2-build-windows-amd64-cygwin\jdk8u60\4407\hotspot\src\share\vm\interpreter\interpreterRuntime.cpp, line 366]
Event: 0.579 Thread 0x0000000002c8d800 Exception <a 'java/lang/ArrayIndexOutOfBoundsException': 81> (0x00000000d66381d0) thrown at [C:\re\workspace\8-2-build-windows-amd64-cygwin\jdk8u60\4407\hotspot\src\share\vm\interpreter\interpreterRuntime.cpp, line 366]
Event: 0.579 Thread 0x0000000002c8d800 Exception <a 'java/lang/ArrayIndexOutOfBoundsException': 38> (0x00000000d6638f40) thrown at [C:\re\workspace\8-2-build-windows-amd64-cygwin\jdk8u60\4407\hotspot\src\share\vm\interpreter\interpreterRuntime.cpp, line 366]
Event: 0.624 Thread 0x0000000002c8d800 Implicit null exception at 0x000000000316ba16 to 0x000000000316bd55
Event: 0.764 Thread 0x0000000002c8d800 Implicit null exception at 0x000000000315d856 to 0x000000000315db85
Event: 0.847 Thread 0x0000000002c8d800 Exception <a 'java/lang/ClassNotFoundException': com/sun/org/glassfish/hk2/osgiresourcelocator/ServiceLoader> (0x00000000d706e890) thrown at [C:\re\workspace\8-2-build-windows-amd64-cygwin\jdk8u60\4407\hotspot\src\share\vm\classfile\systemDictionary.cpp, lt" M]â?

Events (10 events):
Event: 1.674 loading class org/hibernate/boot/model/relational/ExportableProducer done
Event: 1.674 loading class org/hibernate/id/SequenceHiLoGenerator
Event: 1.674 loading class org/hibernate/id/SequenceHiLoGenerator done
Event: 1.674 loading class org/hibernate/id/SequenceGenerator
Event: 1.674 loading class org/hibernate/id/SequenceGenerator done
Event: 1.674 loading class org/hibernate/id/IncrementGenerator
Event: 1.674 loading class org/hibernate/id/IncrementGenerator done
Event: 1.674 loading class org/hibernate/id/ForeignGenerator
Event: 1.674 loading class org/hibernate/id/ForeignGenerator done
Event: 1.675 Executing VM operation: CollectForMetadataAllocation


Dynamic libraries:
0x00007ff621c30000 - 0x00007ff621c67000 	C:\Program Files\Java\jdk1.8.0_60\bin\javaw.exe
0x00007ffc30dd0000 - 0x00007ffc30fa2000 	C:\WINDOWS\SYSTEM32\ntdll.dll
0x00007ffc2e500000 - 0x00007ffc2e5ac000 	C:\WINDOWS\System32\KERNEL32.DLL
0x00007ffc2d490000 - 0x00007ffc2d6ad000 	C:\WINDOWS\System32\KERNELBASE.dll
0x00007ffc30320000 - 0x00007ffc303c2000 	C:\WINDOWS\System32\ADVAPI32.dll
0x00007ffc30a80000 - 0x00007ffc30b1e000 	C:\WINDOWS\System32\msvcrt.dll
0x00007ffc2e610000 - 0x00007ffc2e669000 	C:\WINDOWS\System32\sechost.dll
0x00007ffc30ca0000 - 0x00007ffc30dc1000 	C:\WINDOWS\System32\RPCRT4.dll
0x00007ffc2fc80000 - 0x00007ffc2fde5000 	C:\WINDOWS\System32\USER32.dll
0x00007ffc2d750000 - 0x00007ffc2d76e000 	C:\WINDOWS\System32\win32u.dll
0x00007ffc30c60000 - 0x00007ffc30c94000 	C:\WINDOWS\System32\GDI32.dll
0x00007ffc2e1e0000 - 0x00007ffc2e360000 	C:\WINDOWS\System32\gdi32full.dll
0x00007ffc26410000 - 0x00007ffc2668a000 	C:\WINDOWS\WinSxS\amd64_microsoft.windows.common-controls_6595b64144ccf1df_6.0.14393.953_none_42151e83c686086b\COMCTL32.dll
0x00007ffc304b0000 - 0x00007ffc30778000 	C:\WINDOWS\System32\combase.dll
0x00007ffc2d320000 - 0x00007ffc2d415000 	C:\WINDOWS\System32\ucrtbase.dll
0x00007ffc2d420000 - 0x00007ffc2d48a000 	C:\WINDOWS\System32\bcryptPrimitives.dll
0x00007ffc30480000 - 0x00007ffc304ae000 	C:\WINDOWS\System32\IMM32.DLL
0x0000000059250000 - 0x0000000059322000 	C:\Program Files\Java\jdk1.8.0_60\jre\bin\msvcr100.dll
0x0000000056e10000 - 0x0000000057699000 	C:\Program Files\Java\jdk1.8.0_60\jre\bin\server\jvm.dll
0x00007ffc308e0000 - 0x00007ffc308e8000 	C:\WINDOWS\System32\PSAPI.DLL
0x00007ffc21fd0000 - 0x00007ffc21fd9000 	C:\WINDOWS\SYSTEM32\WSOCK32.dll
0x00007ffc2c400000 - 0x00007ffc2c40a000 	C:\WINDOWS\SYSTEM32\VERSION.dll
0x00007ffc2b500000 - 0x00007ffc2b523000 	C:\WINDOWS\SYSTEM32\WINMM.dll
0x00007ffc30400000 - 0x00007ffc3046a000 	C:\WINDOWS\System32\WS2_32.dll
0x00007ffc2b330000 - 0x00007ffc2b35b000 	C:\WINDOWS\SYSTEM32\WINMMBASE.dll
0x00007ffc2d2d0000 - 0x00007ffc2d312000 	C:\WINDOWS\System32\cfgmgr32.dll
0x0000000059240000 - 0x000000005924f000 	C:\Program Files\Java\jdk1.8.0_60\jre\bin\verify.dll
0x0000000059210000 - 0x0000000059239000 	C:\Program Files\Java\jdk1.8.0_60\jre\bin\java.dll
0x00000000591f0000 - 0x0000000059206000 	C:\Program Files\Java\jdk1.8.0_60\jre\bin\zip.dll
0x00007ffc2e770000 - 0x00007ffc2fc78000 	C:\WINDOWS\System32\SHELL32.dll
0x00007ffc2d8d0000 - 0x00007ffc2dfaa000 	C:\WINDOWS\System32\windows.storage.dll
0x00007ffc2d280000 - 0x00007ffc2d2cc000 	C:\WINDOWS\System32\powrprof.dll
0x00007ffc2e5b0000 - 0x00007ffc2e602000 	C:\WINDOWS\System32\shlwapi.dll
0x00007ffc2d270000 - 0x00007ffc2d27f000 	C:\WINDOWS\System32\kernel.appcore.dll
0x00007ffc2d770000 - 0x00007ffc2d819000 	C:\WINDOWS\System32\shcore.dll
0x00007ffc2d240000 - 0x00007ffc2d254000 	C:\WINDOWS\System32\profapi.dll
0x00000000591d0000 - 0x00000000591ea000 	C:\Program Files\Java\jdk1.8.0_60\jre\bin\net.dll
0x00007ffc2cb10000 - 0x00007ffc2cb6c000 	C:\WINDOWS\system32\mswsock.dll
0x00007ffc2c8e0000 - 0x00007ffc2c981000 	C:\WINDOWS\SYSTEM32\DNSAPI.dll
0x00007ffc303f0000 - 0x00007ffc303f8000 	C:\WINDOWS\System32\NSI.dll
0x00007ffc2c890000 - 0x00007ffc2c8c8000 	C:\WINDOWS\SYSTEM32\IPHLPAPI.DLL
0x000000005a640000 - 0x000000005a666000 	C:\Program Files\Bonjour\mdnsNSP.dll
0x00007ffc29010000 - 0x00007ffc2901a000 	C:\Windows\System32\rasadhlp.dll
0x00007ffc28f00000 - 0x00007ffc28f6a000 	C:\WINDOWS\System32\fwpuclnt.dll
0x00007ffc2d180000 - 0x00007ffc2d1ab000 	C:\WINDOWS\SYSTEM32\bcrypt.dll
0x00007ffc2ccc0000 - 0x00007ffc2ccd7000 	C:\WINDOWS\SYSTEM32\CRYPTSP.dll
0x00007ffc2c710000 - 0x00007ffc2c743000 	C:\WINDOWS\system32\rsaenh.dll
0x00007ffc2c990000 - 0x00007ffc2c9af000 	C:\WINDOWS\SYSTEM32\USERENV.dll
0x00007ffc2ccb0000 - 0x00007ffc2ccbb000 	C:\WINDOWS\SYSTEM32\CRYPTBASE.dll
0x00007ffc2a3b0000 - 0x00007ffc2a3c6000 	C:\WINDOWS\SYSTEM32\dhcpcsvc6.DLL
0x00007ffc2a120000 - 0x00007ffc2a13a000 	C:\WINDOWS\SYSTEM32\dhcpcsvc.DLL
0x00000000591b0000 - 0x00000000591c1000 	C:\Program Files\Java\jdk1.8.0_60\jre\bin\nio.dll

VM Arguments:
jvm_args: -Dfile.encoding=Cp1252 
java_command: test
java_class_path (initial): F:\Repository\CRUD-TradeDB-2\bin;C:\Users\HP\Downloads\mysql-connector-java-6.0.6.jar;C:\Users\HP\Downloads\hibernate-release-5.2.11.Final\hibernate-release-5.2.11.Final\lib\required\antlr-2.7.7.jar;C:\Users\HP\Downloads\hibernate-release-5.2.11.Final\hibernate-release-5.2.11.Final\lib\required\classmate-1.3.0.jar;C:\Users\HP\Downloads\hibernate-release-5.2.11.Final\hibernate-release-5.2.11.Final\lib\required\dom4j-1.6.1.jar;C:\Users\HP\Downloads\hibernate-release-5.2.11.Final\hibernate-release-5.2.11.Final\lib\required\hibernate-commons-annotations-5.0.1.Final.jar;C:\Users\HP\Downloads\hibernate-release-5.2.11.Final\hibernate-release-5.2.11.Final\lib\required\hibernate-core-5.2.11.Final.jar;C:\Users\HP\Downloads\hibernate-release-5.2.11.Final\hibernate-release-5.2.11.Final\lib\required\hibernate-jpa-2.1-api-1.0.0.Final.jar;C:\Users\HP\Downloads\hibernate-release-5.2.11.Final\hibernate-release-5.2.11.Final\lib\required\jandex-2.0.3.Final.jar;C:\Users\HP\Downloads\hibernate-release-5.2.11.Final\hibernate-release-5.2.11.Final\lib\required\javassist-3.20.0-GA.jar;C:\Users\HP\Downloads\hibernate-release-5.2.11.Final\hibernate-release-5.2.11.Final\lib\required\jboss-logging-3.3.0.Final.jar;C:\Users\HP\Downloads\hibernate-release-5.2.11.Final\hibernate-release-5.2.11.Final\lib\required\jboss-transaction-api_1.2_spec-1.0.1.Final.jar;C:\Users\HP\Downloads\javassist-3.21.0-GA.jar
Launcher Type: SUN_STANDARD

Environment Variables:
JAVA_HOME=C:\Program Files\Java\jdk1.8.0_60
PATH=C:\Program Files\Python35\Scripts\;C:\Program Files\Python35\;C:\ProgramData\Oracle\Java\javapath;c:\Program Files (x86)\Intel\iCLS Client\;c:\Program Files\Intel\iCLS Client\;C:\WINDOWS\system32;C:\WINDOWS;C:\WINDOWS\System32\Wbem;C:\WINDOWS\System32\WindowsPowerShell\v1.0\;C:\Program Files\Intel\Intel(R) Management Engine Components\DAL;C:\Program Files\Intel\Intel(R) Management Engine Components\IPT;C:\Program Files (x86)\Intel\Intel(R) Management Engine Components\DAL;C:\Program Files (x86)\Intel\Intel(R) Management Engine Components\IPT;C:\Program Files\Java\jdk1.8.0_60\bin;C:\Program Files\apache-maven-3.3.3-bin\apache-maven-3.3.3\bin;C:\Program Files (x86)\Skype\Phone\;C:\cygwin64\bin;C:\Ruby23-x64\bin;C:\Users\HP\AppData\Local\Microsoft\WindowsApps;C:\Users\HP\AppData\Local\atom\bin
USERNAME=HP
OS=Windows_NT
PROCESSOR_IDENTIFIER=Intel64 Family 6 Model 60 Stepping 3, GenuineIntel



---------------  S Y S T E M  ---------------

OS: Windows 10.0 , 64 bit Build 14393 (10.0.14393.1198)

CPU:total 8 (4 cores per cpu, 2 threads per core) family 6 model 60 stepping 3, cmov, cx8, fxsr, mmx, sse, sse2, sse3, ssse3, sse4.1, sse4.2, popcnt, avx, avx2, aes, clmul, erms, lzcnt, ht, tsc, tscinvbit, bmi1, bmi2

Memory: 4k page, physical 8292688k(488140k free), swap 33458512k(27116k free)

vm_info: Java HotSpot(TM) 64-Bit Server VM (25.60-b23) for windows-amd64 JRE (1.8.0_60-b27), built on Aug  4 2015 11:06:27 by "java_re" with MS VC++ 10.0 (VS2010)

time: Thu Sep 28 18:33:37 2017
elapsed time: 1 seconds (0d 0h 0m 1s)

